TN:
SF:tests/factories/folder.factory.ts
FN:21,(anonymous_0)
FN:27,(anonymous_1)
FN:31,(anonymous_2)
FN:35,(anonymous_3)
FN:55,buildFolderInput
FN:69,createTestFolder
FN:80,(anonymous_6)
FNF:7
FNH:5
FNDA:37,(anonymous_0)
FNDA:2,(anonymous_1)
FNDA:0,(anonymous_2)
FNDA:1,(anonymous_3)
FNDA:39,buildFolderInput
FNDA:34,createTestFolder
FNDA:0,(anonymous_6)
DA:2,1
DA:19,1
DA:22,37
DA:23,37
DA:28,2
DA:32,0
DA:36,1
DA:37,1
DA:38,13
DA:39,13
DA:48,12
DA:53,1
DA:55,1
DA:58,39
DA:59,39
DA:60,39
DA:69,1
DA:73,34
DA:74,34
DA:78,34
DA:79,0
DA:80,0
DA:84,34
DA:85,34
DA:86,0
DA:89,34
DA:90,34
LF:27
LH:23
BRDA:22,0,0,37
BRDA:56,1,0,0
BRDA:71,2,0,0
BRDA:78,3,0,0
BRDA:78,4,0,34
BRDA:78,4,1,0
BRDA:85,5,0,0
BRF:7
BRH:2
end_of_record
TN:
SF:tests/graphql/folder/mutations.ts
FNF:0
FNH:0
DA:1,1
DA:21,1
DA:31,1
DA:41,1
DA:50,1
DA:59,1
DA:71,1
LF:7
LH:7
BRF:0
BRH:0
end_of_record
TN:
SF:tests/graphql/folder/queries.ts
FNF:0
FNH:0
DA:1,1
DA:12,1
DA:21,1
DA:37,1
LF:4
LH:4
BRF:0
BRH:0
end_of_record
TN:
SF:tests/helpers/auth-context.ts
FN:31,login
FN:49,(anonymous_1)
FN:68,getAuthSession
FN:75,getAuthenticatedClient
FNF:4
FNH:3
FNDA:1,login
FNDA:0,(anonymous_1)
FNDA:1,getAuthSession
FNDA:1,getAuthenticatedClient
DA:1,1
DA:2,1
DA:29,1
DA:31,1
DA:35,1
DA:36,0
DA:39,1
DA:40,1
DA:47,1
DA:48,0
DA:49,0
DA:53,1
DA:54,0
DA:57,1
DA:58,1
DA:65,1
DA:68,1
DA:69,1
DA:70,1
DA:72,0
DA:75,1
DA:79,1
DA:80,1
DA:83,1
LF:24
LH:19
BRDA:32,0,0,1
BRDA:32,1,0,1
BRDA:32,1,1,0
BRDA:33,2,0,1
BRDA:33,3,0,1
BRDA:33,3,1,0
BRDA:35,4,0,0
BRDA:47,5,0,0
BRDA:47,6,0,1
BRDA:47,6,1,0
BRDA:53,7,0,0
BRDA:61,8,0,1
BRDA:61,8,1,1
BRDA:62,9,0,1
BRDA:62,9,1,0
BRDA:69,10,0,1
BRF:16
BRH:9
end_of_record
TN:
SF:tests/helpers/graphql-client.ts
FN:33,createGraphQLClient
FN:37,execute
FN:74,(anonymous_2)
FN:82,(anonymous_3)
FNF:4
FNH:4
FNDA:3,createGraphQLClient
FNDA:81,execute
FNDA:2,(anonymous_2)
FNDA:79,(anonymous_3)
DA:33,1
DA:42,81
DA:49,81
DA:58,80
DA:59,80
DA:60,80
DA:62,0
DA:67,80
DA:73,3
DA:79,2
DA:87,79
LF:11
LH:10
BRDA:34,0,0,1
BRDA:34,1,0,1
BRDA:34,1,1,0
BRDA:35,2,0,1
BRF:4
BRH:3
end_of_record
