<?xml version="1.0" encoding="UTF-8"?>
<coverage generated="1789117348976" clover="3.2.0">
  <project timestamp="1789117348976" name="All files">
    <metrics statements="73" coveredstatements="63" conditionals="27" coveredconditionals="14" methods="15" coveredmethods="12" elements="115" coveredelements="89" complexity="0" loc="73" ncloc="73" packages="3" files="5" classes="5"/>
    <package name="factories">
      <metrics statements="27" coveredstatements="23" conditionals="7" coveredconditionals="2" methods="7" coveredmethods="5"/>
      <file name="folder.factory.ts" path="/home/huycao/Coding/Examples/Test-With-Jest/Codebase/tests/factories/folder.factory.ts">
        <metrics statements="27" coveredstatements="23" conditionals="7" coveredconditionals="2" methods="7" coveredmethods="5"/>
        <line num="2" count="1" type="stmt"/>
        <line num="19" count="1" type="stmt"/>
        <line num="22" count="37" type="cond" truecount="1" falsecount="0"/>
        <line num="23" count="37" type="stmt"/>
        <line num="28" count="2" type="stmt"/>
        <line num="32" count="0" type="stmt"/>
        <line num="36" count="1" type="stmt"/>
        <line num="37" count="1" type="stmt"/>
        <line num="38" count="13" type="stmt"/>
        <line num="39" count="13" type="stmt"/>
        <line num="48" count="12" type="stmt"/>
        <line num="53" count="1" type="stmt"/>
        <line num="55" count="1" type="stmt"/>
        <line num="58" count="39" type="stmt"/>
        <line num="59" count="39" type="stmt"/>
        <line num="60" count="39" type="stmt"/>
        <line num="69" count="1" type="stmt"/>
        <line num="73" count="34" type="stmt"/>
        <line num="74" count="34" type="stmt"/>
        <line num="78" count="34" type="cond" truecount="1" falsecount="2"/>
        <line num="79" count="0" type="stmt"/>
        <line num="80" count="0" type="stmt"/>
        <line num="84" count="34" type="stmt"/>
        <line num="85" count="34" type="cond" truecount="0" falsecount="1"/>
        <line num="86" count="0" type="stmt"/>
        <line num="89" count="34" type="stmt"/>
        <line num="90" count="34" type="stmt"/>
      </file>
    </package>
    <package name="graphql.folder">
      <metrics statements="11" coveredstatements="11" conditionals="0" coveredconditionals="0" methods="0" coveredmethods="0"/>
      <file name="mutations.ts" path="/home/huycao/Coding/Examples/Test-With-Jest/Codebase/tests/graphql/folder/mutations.ts">
        <metrics statements="7" coveredstatements="7" conditionals="0" coveredconditionals="0" methods="0" coveredmethods="0"/>
        <line num="1" count="1" type="stmt"/>
        <line num="21" count="1" type="stmt"/>
        <line num="31" count="1" type="stmt"/>
        <line num="41" count="1" type="stmt"/>
        <line num="50" count="1" type="stmt"/>
        <line num="59" count="1" type="stmt"/>
        <line num="71" count="1" type="stmt"/>
      </file>
      <file name="queries.ts" path="/home/huycao/Coding/Examples/Test-With-Jest/Codebase/tests/graphql/folder/queries.ts">
        <metrics statements="4" coveredstatements="4" conditionals="0" coveredconditionals="0" methods="0" coveredmethods="0"/>
        <line num="1" count="1" type="stmt"/>
        <line num="12" count="1" type="stmt"/>
        <line num="21" count="1" type="stmt"/>
        <line num="37" count="1" type="stmt"/>
      </file>
    </package>
    <package name="helpers">
      <metrics statements="35" coveredstatements="29" conditionals="20" coveredconditionals="12" methods="8" coveredmethods="7"/>
      <file name="auth-context.ts" path="/home/huycao/Coding/Examples/Test-With-Jest/Codebase/tests/helpers/auth-context.ts">
        <metrics statements="24" coveredstatements="19" conditionals="16" coveredconditionals="9" methods="4" coveredmethods="3"/>
        <line num="1" count="1" type="stmt"/>
        <line num="2" count="1" type="stmt"/>
        <line num="29" count="1" type="stmt"/>
        <line num="31" count="1" type="stmt"/>
        <line num="35" count="1" type="cond" truecount="0" falsecount="1"/>
        <line num="36" count="0" type="stmt"/>
        <line num="39" count="1" type="stmt"/>
        <line num="40" count="1" type="stmt"/>
        <line num="47" count="1" type="cond" truecount="1" falsecount="2"/>
        <line num="48" count="0" type="stmt"/>
        <line num="49" count="0" type="stmt"/>
        <line num="53" count="1" type="cond" truecount="0" falsecount="1"/>
        <line num="54" count="0" type="stmt"/>
        <line num="57" count="1" type="stmt"/>
        <line num="58" count="1" type="stmt"/>
        <line num="65" count="1" type="stmt"/>
        <line num="68" count="1" type="stmt"/>
        <line num="69" count="1" type="cond" truecount="1" falsecount="0"/>
        <line num="70" count="1" type="stmt"/>
        <line num="72" count="0" type="stmt"/>
        <line num="75" count="1" type="stmt"/>
        <line num="79" count="1" type="stmt"/>
        <line num="80" count="1" type="stmt"/>
        <line num="83" count="1" type="stmt"/>
      </file>
      <file name="graphql-client.ts" path="/home/huycao/Coding/Examples/Test-With-Jest/Codebase/tests/helpers/graphql-client.ts">
        <metrics statements="11" coveredstatements="10" conditionals="4" coveredconditionals="3" methods="4" coveredmethods="4"/>
        <line num="33" count="1" type="stmt"/>
        <line num="42" count="81" type="stmt"/>
        <line num="49" count="81" type="stmt"/>
        <line num="58" count="80" type="stmt"/>
        <line num="59" count="80" type="stmt"/>
        <line num="60" count="80" type="stmt"/>
        <line num="62" count="0" type="stmt"/>
        <line num="67" count="80" type="stmt"/>
        <line num="73" count="3" type="stmt"/>
        <line num="79" count="2" type="stmt"/>
        <line num="87" count="79" type="stmt"/>
      </file>
    </package>
  </project>
</coverage>
