{"/home/huycao/Coding/Examples/Test-With-Jest/Codebase/tests/factories/folder.factory.ts": {"path":"/home/huycao/Coding/Examples/Test-With-Jest/Codebase/tests/factories/folder.factory.ts","statementMap":{"0":{"start":{"line":55,"column":0},"end":{"line":55,"column":16}},"1":{"start":{"line":69,"column":0},"end":{"line":69,"column":7}},"2":{"start":{"line":2,"column":0},"end":{"line":2,"column":75}},"3":{"start":{"line":19,"column":35},"end":{"line":19,"column":44}},"4":{"start":{"line":22,"column":4},"end":{"line":24,"column":5}},"5":{"start":{"line":23,"column":6},"end":{"line":23,"column":29}},"6":{"start":{"line":28,"column":4},"end":{"line":28,"column":30}},"7":{"start":{"line":32,"column":4},"end":{"line":32,"column":38}},"8":{"start":{"line":36,"column":16},"end":{"line":36,"column":52}},"9":{"start":{"line":37,"column":4},"end":{"line":49,"column":5}},"10":{"start":{"line":38,"column":6},"end":{"line":47,"column":7}},"11":{"start":{"line":39,"column":8},"end":{"line":44,"column":11}},"12":{"start":{"line":48,"column":6},"end":{"line":48,"column":32}},"13":{"start":{"line":53,"column":13},"end":{"line":53,"column":49}},"14":{"start":{"line":58,"column":20},"end":{"line":58,"column":30}},"15":{"start":{"line":59,"column":17},"end":{"line":59,"column":49}},"16":{"start":{"line":60,"column":2},"end":{"line":66,"column":4}},"17":{"start":{"line":73,"column":16},"end":{"line":73,"column":43}},"18":{"start":{"line":74,"column":19},"end":{"line":76,"column":4}},"19":{"start":{"line":78,"column":2},"end":{"line":82,"column":3}},"20":{"start":{"line":79,"column":4},"end":{"line":81,"column":6}},"21":{"start":{"line":80,"column":66},"end":{"line":80,"column":75}},"22":{"start":{"line":84,"column":17},"end":{"line":84,"column":44}},"23":{"start":{"line":85,"column":2},"end":{"line":87,"column":3}},"24":{"start":{"line":86,"column":4},"end":{"line":86,"column":64}},"25":{"start":{"line":89,"column":2},"end":{"line":89,"column":33}},"26":{"start":{"line":90,"column":2},"end":{"line":90,"column":16}}},"fnMap":{"0":{"name":"(anonymous_0)","decl":{"start":{"line":21,"column":2},"end":{"line":21,"column":7}},"loc":{"start":{"line":21,"column":18},"end":{"line":25,"column":3}}},"1":{"name":"(anonymous_1)","decl":{"start":{"line":27,"column":2},"end":{"line":27,"column":9}},"loc":{"start":{"line":27,"column":20},"end":{"line":29,"column":3}}},"2":{"name":"(anonymous_2)","decl":{"start":{"line":31,"column":2},"end":{"line":31,"column":15}},"loc":{"start":{"line":31,"column":15},"end":{"line":33,"column":3}}},"3":{"name":"(anonymous_3)","decl":{"start":{"line":35,"column":2},"end":{"line":35,"column":7}},"loc":{"start":{"line":35,"column":40},"end":{"line":50,"column":3}}},"4":{"name":"buildFolderInput","decl":{"start":{"line":55,"column":16},"end":{"line":55,"column":32}},"loc":{"start":{"line":56,"column":44},"end":{"line":67,"column":1}}},"5":{"name":"createTestFolder","decl":{"start":{"line":69,"column":22},"end":{"line":69,"column":38}},"loc":{"start":{"line":71,"column":44},"end":{"line":91,"column":1}}},"6":{"name":"(anonymous_6)","decl":{"start":{"line":80,"column":59},"end":{"line":80,"column":60}},"loc":{"start":{"line":80,"column":66},"end":{"line":80,"column":75}}}},"branchMap":{"0":{"loc":{"start":{"line":22,"column":4},"end":{"line":24,"column":5}},"type":"if","locations":[{"start":{"line":22,"column":4},"end":{"line":24,"column":5}}]},"1":{"loc":{"start":{"line":56,"column":2},"end":{"line":56,"column":44}},"type":"default-arg","locations":[{"start":{"line":56,"column":42},"end":{"line":56,"column":44}}]},"2":{"loc":{"start":{"line":71,"column":2},"end":{"line":71,"column":44}},"type":"default-arg","locations":[{"start":{"line":71,"column":42},"end":{"line":71,"column":44}}]},"3":{"loc":{"start":{"line":78,"column":2},"end":{"line":82,"column":3}},"type":"if","locations":[{"start":{"line":78,"column":2},"end":{"line":82,"column":3}}]},"4":{"loc":{"start":{"line":78,"column":6},"end":{"line":78,"column":51}},"type":"binary-expr","locations":[{"start":{"line":78,"column":6},"end":{"line":78,"column":21}},{"start":{"line":78,"column":25},"end":{"line":78,"column":51}}]},"5":{"loc":{"start":{"line":85,"column":2},"end":{"line":87,"column":3}},"type":"if","locations":[{"start":{"line":85,"column":2},"end":{"line":87,"column":3}}]}},"s":{"0":1,"1":1,"2":1,"3":1,"4":37,"5":37,"6":2,"7":0,"8":1,"9":1,"10":13,"11":13,"12":12,"13":1,"14":39,"15":39,"16":39,"17":34,"18":34,"19":34,"20":0,"21":0,"22":34,"23":34,"24":0,"25":34,"26":34},"f":{"0":37,"1":2,"2":0,"3":1,"4":39,"5":34,"6":0},"b":{"0":[37],"1":[0],"2":[0],"3":[0],"4":[34,0],"5":[0]}}
,"/home/huycao/Coding/Examples/Test-With-Jest/Codebase/tests/graphql/folder/mutations.ts": {"path":"/home/huycao/Coding/Examples/Test-With-Jest/Codebase/tests/graphql/folder/mutations.ts","statementMap":{"0":{"start":{"line":1,"column":13},"end":{"line":19,"column":2}},"1":{"start":{"line":21,"column":13},"end":{"line":29,"column":2}},"2":{"start":{"line":31,"column":13},"end":{"line":39,"column":2}},"3":{"start":{"line":41,"column":13},"end":{"line":48,"column":2}},"4":{"start":{"line":50,"column":13},"end":{"line":57,"column":2}},"5":{"start":{"line":59,"column":13},"end":{"line":69,"column":2}},"6":{"start":{"line":71,"column":13},"end":{"line":77,"column":2}}},"fnMap":{},"branchMap":{},"s":{"0":1,"1":1,"2":1,"3":1,"4":1,"5":1,"6":1},"f":{},"b":{}}
,"/home/huycao/Coding/Examples/Test-With-Jest/Codebase/tests/graphql/folder/queries.ts": {"path":"/home/huycao/Coding/Examples/Test-With-Jest/Codebase/tests/graphql/folder/queries.ts","statementMap":{"0":{"start":{"line":1,"column":13},"end":{"line":10,"column":2}},"1":{"start":{"line":12,"column":13},"end":{"line":19,"column":2}},"2":{"start":{"line":21,"column":13},"end":{"line":35,"column":2}},"3":{"start":{"line":37,"column":13},"end":{"line":44,"column":2}}},"fnMap":{},"branchMap":{},"s":{"0":1,"1":1,"2":1,"3":1},"f":{},"b":{}}
,"/home/huycao/Coding/Examples/Test-With-Jest/Codebase/tests/helpers/auth-context.ts": {"path":"/home/huycao/Coding/Examples/Test-With-Jest/Codebase/tests/helpers/auth-context.ts","statementMap":{"0":{"start":{"line":31,"column":0},"end":{"line":31,"column":7}},"1":{"start":{"line":68,"column":0},"end":{"line":68,"column":7}},"2":{"start":{"line":75,"column":0},"end":{"line":75,"column":7}},"3":{"start":{"line":1,"column":0},"end":{"line":1,"column":70}},"4":{"start":{"line":2,"column":0},"end":{"line":2,"column":57}},"5":{"start":{"line":29,"column":40},"end":{"line":29,"column":44}},"6":{"start":{"line":35,"column":2},"end":{"line":37,"column":3}},"7":{"start":{"line":36,"column":4},"end":{"line":36,"column":25}},"8":{"start":{"line":39,"column":17},"end":{"line":39,"column":38}},"9":{"start":{"line":40,"column":19},"end":{"line":45,"column":4}},"10":{"start":{"line":47,"column":2},"end":{"line":51,"column":3}},"11":{"start":{"line":48,"column":4},"end":{"line":50,"column":6}},"12":{"start":{"line":49,"column":59},"end":{"line":49,"column":68}},"13":{"start":{"line":53,"column":2},"end":{"line":55,"column":3}},"14":{"start":{"line":54,"column":4},"end":{"line":54,"column":86}},"15":{"start":{"line":57,"column":20},"end":{"line":57,"column":43}},"16":{"start":{"line":58,"column":2},"end":{"line":63,"column":4}},"17":{"start":{"line":65,"column":2},"end":{"line":65,"column":23}},"18":{"start":{"line":69,"column":2},"end":{"line":71,"column":3}},"19":{"start":{"line":70,"column":4},"end":{"line":70,"column":19}},"20":{"start":{"line":72,"column":2},"end":{"line":72,"column":23}},"21":{"start":{"line":79,"column":18},"end":{"line":79,"column":40}},"22":{"start":{"line":80,"column":17},"end":{"line":82,"column":4}},"23":{"start":{"line":83,"column":2},"end":{"line":83,"column":29}}},"fnMap":{"0":{"name":"login","decl":{"start":{"line":31,"column":22},"end":{"line":31,"column":27}},"loc":{"start":{"line":33,"column":52},"end":{"line":66,"column":1}}},"1":{"name":"(anonymous_1)","decl":{"start":{"line":49,"column":52},"end":{"line":49,"column":53}},"loc":{"start":{"line":49,"column":59},"end":{"line":49,"column":68}}},"2":{"name":"getAuthSession","decl":{"start":{"line":68,"column":22},"end":{"line":68,"column":36}},"loc":{"start":{"line":68,"column":36},"end":{"line":73,"column":1}}},"3":{"name":"getAuthenticatedClient","decl":{"start":{"line":75,"column":22},"end":{"line":75,"column":44}},"loc":{"start":{"line":75,"column":44},"end":{"line":84,"column":1}}}},"branchMap":{"0":{"loc":{"start":{"line":32,"column":2},"end":{"line":32,"column":53}},"type":"default-arg","locations":[{"start":{"line":32,"column":21},"end":{"line":32,"column":53}}]},"1":{"loc":{"start":{"line":32,"column":21},"end":{"line":32,"column":53}},"type":"binary-expr","locations":[{"start":{"line":32,"column":21},"end":{"line":32,"column":47}},{"start":{"line":32,"column":51},"end":{"line":32,"column":53}}]},"2":{"loc":{"start":{"line":33,"column":2},"end":{"line":33,"column":52}},"type":"default-arg","locations":[{"start":{"line":33,"column":21},"end":{"line":33,"column":52}}]},"3":{"loc":{"start":{"line":33,"column":21},"end":{"line":33,"column":52}},"type":"binary-expr","locations":[{"start":{"line":33,"column":21},"end":{"line":33,"column":46}},{"start":{"line":33,"column":50},"end":{"line":33,"column":52}}]},"4":{"loc":{"start":{"line":35,"column":2},"end":{"line":37,"column":3}},"type":"if","locations":[{"start":{"line":35,"column":2},"end":{"line":37,"column":3}}]},"5":{"loc":{"start":{"line":47,"column":2},"end":{"line":51,"column":3}},"type":"if","locations":[{"start":{"line":47,"column":2},"end":{"line":51,"column":3}}]},"6":{"loc":{"start":{"line":47,"column":6},"end":{"line":47,"column":51}},"type":"binary-expr","locations":[{"start":{"line":47,"column":6},"end":{"line":47,"column":21}},{"start":{"line":47,"column":25},"end":{"line":47,"column":51}}]},"7":{"loc":{"start":{"line":53,"column":2},"end":{"line":55,"column":3}},"type":"if","locations":[{"start":{"line":53,"column":2},"end":{"line":55,"column":3}}]},"8":{"loc":{"start":{"line":61,"column":20},"end":{"line":61,"column":78}},"type":"binary-expr","locations":[{"start":{"line":61,"column":20},"end":{"line":61,"column":49}},{"start":{"line":61,"column":53},"end":{"line":61,"column":78}}]},"9":{"loc":{"start":{"line":62,"column":22},"end":{"line":62,"column":87}},"type":"binary-expr","locations":[{"start":{"line":62,"column":22},"end":{"line":62,"column":50}},{"start":{"line":62,"column":54},"end":{"line":62,"column":87}}]},"10":{"loc":{"start":{"line":69,"column":2},"end":{"line":71,"column":3}},"type":"if","locations":[{"start":{"line":69,"column":2},"end":{"line":71,"column":3}}]}},"s":{"0":1,"1":1,"2":1,"3":1,"4":1,"5":1,"6":1,"7":0,"8":1,"9":1,"10":1,"11":0,"12":0,"13":1,"14":0,"15":1,"16":1,"17":1,"18":1,"19":1,"20":0,"21":1,"22":1,"23":1},"f":{"0":1,"1":0,"2":1,"3":1},"b":{"0":[1],"1":[1,0],"2":[1],"3":[1,0],"4":[0],"5":[0],"6":[1,0],"7":[0],"8":[1,1],"9":[1,0],"10":[1]}}
,"/home/huycao/Coding/Examples/Test-With-Jest/Codebase/tests/helpers/graphql-client.ts": {"path":"/home/huycao/Coding/Examples/Test-With-Jest/Codebase/tests/helpers/graphql-client.ts","statementMap":{"0":{"start":{"line":33,"column":0},"end":{"line":33,"column":16}},"1":{"start":{"line":42,"column":52},"end":{"line":47,"column":6}},"2":{"start":{"line":49,"column":21},"end":{"line":56,"column":6}},"3":{"start":{"line":58,"column":20},"end":{"line":58,"column":22}},"4":{"start":{"line":59,"column":4},"end":{"line":65,"column":5}},"5":{"start":{"line":60,"column":6},"end":{"line":60,"column":35}},"6":{"start":{"line":62,"column":6},"end":{"line":64,"column":8}},"7":{"start":{"line":67,"column":4},"end":{"line":70,"column":6}},"8":{"start":{"line":73,"column":2},"end":{"line":89,"column":4}},"9":{"start":{"line":79,"column":6},"end":{"line":79,"column":51}},"10":{"start":{"line":87,"column":6},"end":{"line":87,"column":54}}},"fnMap":{"0":{"name":"createGraphQLClient","decl":{"start":{"line":33,"column":16},"end":{"line":33,"column":35}},"loc":{"start":{"line":35,"column":45},"end":{"line":90,"column":1}}},"1":{"name":"execute","decl":{"start":{"line":37,"column":17},"end":{"line":37,"column":24}},"loc":{"start":{"line":40,"column":36},"end":{"line":71,"column":3}}},"2":{"name":"(anonymous_2)","decl":{"start":{"line":74,"column":4},"end":{"line":74,"column":9}},"loc":{"start":{"line":77,"column":38},"end":{"line":80,"column":5}}},"3":{"name":"(anonymous_3)","decl":{"start":{"line":82,"column":4},"end":{"line":82,"column":9}},"loc":{"start":{"line":85,"column":38},"end":{"line":88,"column":5}}}},"branchMap":{"0":{"loc":{"start":{"line":34,"column":2},"end":{"line":34,"column":103}},"type":"default-arg","locations":[{"start":{"line":34,"column":24},"end":{"line":34,"column":103}}]},"1":{"loc":{"start":{"line":34,"column":24},"end":{"line":34,"column":103}},"type":"binary-expr","locations":[{"start":{"line":34,"column":24},"end":{"line":34,"column":51}},{"start":{"line":34,"column":55},"end":{"line":34,"column":103}}]},"2":{"loc":{"start":{"line":35,"column":2},"end":{"line":35,"column":45}},"type":"default-arg","locations":[{"start":{"line":35,"column":43},"end":{"line":35,"column":45}}]}},"s":{"0":1,"1":81,"2":81,"3":80,"4":80,"5":80,"6":0,"7":80,"8":3,"9":2,"10":79},"f":{"0":3,"1":81,"2":2,"3":79},"b":{"0":[1],"1":[1,0],"2":[1]}}
}
